1: n2
0: n2
2: n2
3: n2
0: /home/deokhk/coursework/robust_speech/recipes
1: /home/deokhk/coursework/robust_speech/recipes
3: /home/deokhk/coursework/robust_speech/recipes
2: /home/deokhk/coursework/robust_speech/recipes
1: Mon May  2 13:25:38 KST 2022
0: Mon May  2 13:25:38 KST 2022
2: Mon May  2 13:25:38 KST 2022
3: Mon May  2 13:25:38 KST 2022
Mon May  2 13:25:38 KST 2022
speechbrain.core - Beginning experiment!
speechbrain.core - Experiment folder: /home/deokhk/coursework/robust_speech/root/attacks/pgd/asr-crdnn-transformerlm-librispeech/102620
speechbrain.pretrained.fetching - Fetch tokenizer.ckpt: Using existing file/symlink in /home/deokhk/coursework/robust_speech/root/tokenizers/asr-crdnn-transformerlm-librispeech/tokenizer.ckpt.
speechbrain.utils.parameter_transfer - Loading pretrained files for: tokenizer
robust_speech.data.librispeech - Skipping preparation, completed in previous run.
speechbrain.core - 202.4M trainable parameters in S2SASR
speechbrain.core - 202.4M trainable parameters in S2SASR
speechbrain.pretrained.fetching - Fetch normalizer.ckpt: Using existing file/symlink in /home/deokhk/coursework/robust_speech/root/trainings/asr-crdnn-transformerlm-librispeech/normalizer.ckpt.
speechbrain.pretrained.fetching - Fetch asr.ckpt: Using existing file/symlink in /home/deokhk/coursework/robust_speech/root/trainings/asr-crdnn-transformerlm-librispeech/asr.ckpt.
speechbrain.pretrained.fetching - Fetch lm.ckpt: Using existing file/symlink in /home/deokhk/coursework/robust_speech/root/trainings/asr-crdnn-transformerlm-librispeech/lm.ckpt.
speechbrain.pretrained.fetching - Fetch tokenizer.ckpt: Using existing file/symlink in /home/deokhk/coursework/robust_speech/root/trainings/asr-crdnn-transformerlm-librispeech/tokenizer.ckpt.
speechbrain.utils.parameter_transfer - Loading pretrained files for: normalizer, asr, lm, tokenizer
Now experiment with test-clean-adv-100-train
  0%|          | 0/100 [00:00<?, ?it/s]